2018-01-16 13:14:31  INFO  TestListener:11 - 	Test Started...

2018-01-16 13:14:32  INFO  TestListener:21 - Test method getAllBooksTest started 
2018-01-16 13:14:32  INFO  SoapLibraryClientTest:24 - GETTING ALL BOOKS

2018-01-16 13:14:32  ERROR TestListener:31 - Test name: getAllBooksTest FAILED
2018-01-16 13:14:32  INFO  TestListener:21 - Test method addNewBookTest started 
2018-01-16 13:14:32  INFO  SoapLibraryClientTest:32 - ADDING NEW BOOK:

2018-01-16 13:14:32  INFO  TestListener:26 - Test name: addNewBookTest PASSED
2018-01-16 13:14:32  INFO  TestListener:21 - Test method deleteBookTest started 
2018-01-16 13:14:32  INFO  SoapLibraryClientTest:39 - DELETING BOOK BY ID:
2018-01-16 13:14:32  ERROR TestListener:31 - Test name: deleteBookTest FAILED
2018-01-16 13:14:32  INFO  TestListener:21 - Test method updateBookTest started 
2018-01-16 13:14:32  INFO  SoapLibraryClientTest:47 - CHANGE BOOK FROM LIST

2018-01-16 13:14:32  INFO  TestListener:26 - Test name: updateBookTest PASSED
2018-01-16 13:14:32  INFO  TestListener:21 - Test method getBooksByAuthorTest started 
2018-01-16 13:14:32  INFO  SoapLibraryClientTest:55 - GETTING BOOKS BY AUTHOR

2018-01-16 13:14:32  INFO  TestListener:26 - Test name: getBooksByAuthorTest PASSED
2018-01-16 13:14:32  INFO  TestListener:16 - 	Test has END
2018-01-16 13:21:22  INFO  TestListener:11 - 	Test Started...

2018-01-16 13:21:23  ERROR TestListener:36 - Test name: getAllBooksTest SKIPPED
2018-01-16 13:21:23  ERROR TestListener:36 - Test name: addNewBookTest SKIPPED
2018-01-16 13:21:23  ERROR TestListener:36 - Test name: deleteBookTest SKIPPED
2018-01-16 13:21:23  ERROR TestListener:36 - Test name: updateBookTest SKIPPED
2018-01-16 13:21:23  ERROR TestListener:36 - Test name: getBooksByAuthorTest SKIPPED
2018-01-16 13:21:23  INFO  TestListener:16 - 	Test has END
2018-01-16 16:40:33  INFO  RestClientLibrary:43 - GETTING ALL BOOKS

2018-01-16 16:40:34  INFO  RestClientLibrary:125 - response from server : [{"author":"Doil","bookNo":"1","genre":"ROMANCE","name":"Sherlock"},{"author":"Djordan","bookNo":"2","genre":"FANTASY","name":"WheelOfTime"},{"author":"Brown","bookNo":"3","genre":"FANTASY","name":"Inferno"}] 

